[debug] [2020-12-31T00:04:22.501Z] ----------------------------------------------------------------------
[debug] [2020-12-31T00:04:22.505Z] Command:       C:\Program Files\nodejs\node.exe C:\Users\fx\AppData\Roaming\npm\node_modules\firebase-tools\lib\bin\firebase.js deploy
[debug] [2020-12-31T00:04:22.506Z] CLI Version:   9.1.0
[debug] [2020-12-31T00:04:22.506Z] Platform:      win32
[debug] [2020-12-31T00:04:22.506Z] Node Version:  v14.15.3
[debug] [2020-12-31T00:04:22.510Z] Time:          Wed Dec 30 2020 19:04:22 GMT-0500 (hora estándar de Perú)
[debug] [2020-12-31T00:04:22.510Z] ----------------------------------------------------------------------
[debug] [2020-12-31T00:04:22.510Z] 
[debug] [2020-12-31T00:04:22.513Z] >>> [apiv2][query] GET https://firebase-public.firebaseio.com/cli.json [none]
[debug] [2020-12-31T00:04:22.547Z] > command requires scopes: ["email","openid","https://www.googleapis.com/auth/cloudplatformprojects.readonly","https://www.googleapis.com/auth/firebase","https://www.googleapis.com/auth/cloud-platform"]
[debug] [2020-12-31T00:04:22.548Z] > authorizing via signed-in user
[debug] [2020-12-31T00:04:22.548Z] [iam] checking project tic-cusco for permissions ["firebase.projects.get","firebasehosting.sites.update"]
[debug] [2020-12-31T00:04:22.550Z] > refreshing access token with scopes: ["email","https://www.googleapis.com/auth/cloud-platform","https://www.googleapis.com/auth/cloudplatformprojects.readonly","https://www.googleapis.com/auth/firebase","openid"]
[debug] [2020-12-31T00:04:22.551Z] >>> HTTP REQUEST POST https://www.googleapis.com/oauth2/v3/token  
 <request body omitted>
[debug] [2020-12-31T00:04:24.162Z] <<< HTTP RESPONSE 200 {"date":"Thu, 31 Dec 2020 00:04:22 GMT","pragma":"no-cache","cache-control":"no-cache, no-store, max-age=0, must-revalidate","expires":"Mon, 01 Jan 1990 00:00:00 GMT","content-type":"application/json; charset=utf-8","vary":"X-Origin, Referer, Origin,Accept-Encoding","server":"scaffolding on HTTPServer2","x-xss-protection":"0","x-frame-options":"SAMEORIGIN","x-content-type-options":"nosniff","alt-svc":"h3-29=\":443\"; ma=2592000,h3-T051=\":443\"; ma=2592000,h3-Q050=\":443\"; ma=2592000,h3-Q046=\":443\"; ma=2592000,h3-Q043=\":443\"; ma=2592000,quic=\":443\"; ma=2592000; v=\"46,43\"","accept-ranges":"none","transfer-encoding":"chunked"}
[debug] [2020-12-31T00:04:24.171Z] >>> HTTP REQUEST POST https://cloudresourcemanager.googleapis.com/v1/projects/tic-cusco:testIamPermissions  
 {"permissions":["firebase.projects.get","firebasehosting.sites.update"]}
[debug] [2020-12-31T00:04:26.125Z] <<< [apiv2][status] GET https://firebase-public.firebaseio.com/cli.json 200
[debug] [2020-12-31T00:04:26.126Z] <<< [apiv2][body] GET https://firebase-public.firebaseio.com/cli.json {"cloudBuildErrorAfter":1594252800000,"cloudBuildWarnAfter":1590019200000,"defaultNode10After":1594252800000,"minVersion":"3.0.5","node8DeploysDisabledAfter":1613390400000,"node8RuntimeDisabledAfter":1615809600000,"node8WarnAfter":1600128000000}
[debug] [2020-12-31T00:04:26.285Z] <<< HTTP RESPONSE 200 {"content-type":"application/json; charset=UTF-8","vary":"X-Origin, Referer, Origin,Accept-Encoding","date":"Thu, 31 Dec 2020 00:04:24 GMT","server":"ESF","cache-control":"private","x-xss-protection":"0","x-frame-options":"SAMEORIGIN","x-content-type-options":"nosniff","server-timing":"gfet4t7; dur=60","alt-svc":"h3-29=\":443\"; ma=2592000,h3-T051=\":443\"; ma=2592000,h3-Q050=\":443\"; ma=2592000,h3-Q046=\":443\"; ma=2592000,h3-Q043=\":443\"; ma=2592000,quic=\":443\"; ma=2592000; v=\"46,43\"","accept-ranges":"none","transfer-encoding":"chunked"}
[debug] [2020-12-31T00:04:26.289Z] >>> HTTP REQUEST GET https://firebase.googleapis.com/v1beta1/projects/tic-cusco  
 
[debug] [2020-12-31T00:04:28.573Z] <<< HTTP RESPONSE 200 {"content-type":"application/json; charset=UTF-8","vary":"X-Origin, Referer, Origin,Accept-Encoding","date":"Thu, 31 Dec 2020 00:04:27 GMT","server":"ESF","cache-control":"private","x-xss-protection":"0","x-frame-options":"SAMEORIGIN","x-content-type-options":"nosniff","alt-svc":"h3-29=\":443\"; ma=2592000,h3-T051=\":443\"; ma=2592000,h3-Q050=\":443\"; ma=2592000,h3-Q046=\":443\"; ma=2592000,h3-Q043=\":443\"; ma=2592000,quic=\":443\"; ma=2592000; v=\"46,43\"","accept-ranges":"none","transfer-encoding":"chunked"}
[info] 
[info] === Deploying to 'tic-cusco'...
[info] 
[info] i  deploying hosting 
[debug] [2020-12-31T00:04:28.594Z] >>> HTTP REQUEST POST https://firebasehosting.googleapis.com/v1beta1/sites/tic-cusco/versions  
 {"config":{"rewrites":[{"glob":"**","path":"/index.html"}]},"labels":{"deployment-tool":"cli-firebase"}}
[debug] [2020-12-31T00:04:31.903Z] <<< HTTP RESPONSE 200 {"content-type":"application/json; charset=UTF-8","vary":"X-Origin, Referer, Origin,Accept-Encoding","date":"Thu, 31 Dec 2020 00:04:30 GMT","server":"ESF","cache-control":"private","x-xss-protection":"0","x-frame-options":"SAMEORIGIN","x-content-type-options":"nosniff","alt-svc":"h3-29=\":443\"; ma=2592000,h3-T051=\":443\"; ma=2592000,h3-Q050=\":443\"; ma=2592000,h3-Q046=\":443\"; ma=2592000,h3-Q043=\":443\"; ma=2592000,quic=\":443\"; ma=2592000; v=\"46,43\"","accept-ranges":"none","transfer-encoding":"chunked"}
[info] i  hosting[tic-cusco]: beginning deploy... 
[info] i  hosting[tic-cusco]: found 18 files in build 
[debug] [2020-12-31T00:04:32.904Z] > refreshing access token with scopes: []
[debug] [2020-12-31T00:04:32.905Z] >>> HTTP REQUEST POST https://www.googleapis.com/oauth2/v3/token  
 <request body omitted>
[debug] [2020-12-31T00:04:32.906Z] [hosting] hash cache [YnVpbGQ] stored for 18 files
[debug] [2020-12-31T00:04:32.907Z] [hosting][hash queue][FINAL] {"max":927,"min":13,"avg":79.61111111111111,"active":0,"complete":18,"success":18,"errored":0,"retried":0,"total":18,"elapsed":948}
[debug] [2020-12-31T00:04:35.577Z] <<< HTTP RESPONSE 200 {"pragma":"no-cache","expires":"Mon, 01 Jan 1990 00:00:00 GMT","date":"Thu, 31 Dec 2020 00:04:33 GMT","cache-control":"no-cache, no-store, max-age=0, must-revalidate","content-type":"application/json; charset=utf-8","vary":"X-Origin, Referer, Origin,Accept-Encoding","server":"scaffolding on HTTPServer2","x-xss-protection":"0","x-frame-options":"SAMEORIGIN","x-content-type-options":"nosniff","alt-svc":"h3-29=\":443\"; ma=2592000,h3-T051=\":443\"; ma=2592000,h3-Q050=\":443\"; ma=2592000,h3-Q046=\":443\"; ma=2592000,h3-Q043=\":443\"; ma=2592000,quic=\":443\"; ma=2592000; v=\"46,43\"","accept-ranges":"none","transfer-encoding":"chunked"}
[debug] [2020-12-31T00:04:35.589Z] >>> [apiv2][query] POST https://firebasehosting.googleapis.com/v1beta1/sites/tic-cusco/versions/57521b324168ddd2:populateFiles [none]
[debug] [2020-12-31T00:04:35.590Z] >>> [apiv2][body] POST https://firebasehosting.googleapis.com/v1beta1/sites/tic-cusco/versions/57521b324168ddd2:populateFiles {"files":{"/favicon.ico":"eae62e993eb980ec8a25058c39d5a51feab118bd2100c4deebb2a9c158ec11f9","/img/home1.png":"ed0bceff534f25006ff2641cd6ecc4f70692d0f91f2ae86558a36ca2beed219b","/img/logo.png":"34872f325d82d5b7708d439c662fc5cd56babb98e38470a4453d27067e6b2944","/img/prod1.png":"bb75cd7d78f9ee5aeca6f471eac463e95b840b0a35b6ce03ac0a19e7bcebb5c4","/img/prod2.png":"4f3edd031f9aff0ddbe52d63d9aeef356a2a02298616a644d66f199105d28819","/img/prod3.png":"61578ddbc1eb1ba32382640d473ef4e571251d29ecbbc5bd75ce4243d4a06283","/img/promo.png":"f8821942afec1bda7ed41cfe107c72ae265596b10123aae331c60ea53d994004","/asset-manifest.json":"f2be33a85b3f04ef578156cead824e40e2d80f163c4e0252d384d746836cd8c4","/index.html":"e0b90473599de3ca130c45ea1be2bf1d3c0f3bddfdc0239555d697c153caaeeb","/static/css/main.ae78258a.chunk.css":"c17b77ca05960761df6b9eb3ae2d11be22d9964835d9c6132439fc9c23c6be59","/static/css/main.ae78258a.chunk.css.map":"00137502269df2742a26e5df9a5fa6f5a4631bfc32a1cf344b753abb6d336715","/static/js/2.50cd84cc.chunk.js.LICENSE.txt":"f6b73f27559990f6885679c9a53d5fe7de5cc7da07874d783d1bd7b820fb77c5","/static/js/main.4139b0fe.chunk.js":"413b884226c9b1691bbcd90f94b0771d6f51a209d95ddfa611bbdfca120b6766","/static/js/runtime-main.6248aafa.js":"060c3fcfa100ab10be4ffb0713035f0093efe0a86f45bbb4562651129dade8f7","/static/js/runtime-main.6248aafa.js.map":"cac4cc36b74a4a73eff96f1665a1487cc681ec9653ec9e408febc791293bd428","/static/js/main.4139b0fe.chunk.js.map":"42940e516dd5d74a10dfcb26de56ed3283f7ab0d6cf0d54b6ea21f3d2cc18674","/static/js/2.50cd84cc.chunk.js":"b2eb2fe1a5c44b94946087f75c70461daf389e6584d4f68b3c40e01662860a58","/static/js/2.50cd84cc.chunk.js.map":"9499a10277b042991dc75663ba0940c5a0b2aed249e083e25dd80c2b6dc9aff7"}}
[debug] [2020-12-31T00:04:37.802Z] <<< [apiv2][status] POST https://firebasehosting.googleapis.com/v1beta1/sites/tic-cusco/versions/57521b324168ddd2:populateFiles 200
[debug] [2020-12-31T00:04:37.802Z] <<< [apiv2][body] POST https://firebasehosting.googleapis.com/v1beta1/sites/tic-cusco/versions/57521b324168ddd2:populateFiles {"uploadRequiredHashes":["00137502269df2742a26e5df9a5fa6f5a4631bfc32a1cf344b753abb6d336715","413b884226c9b1691bbcd90f94b0771d6f51a209d95ddfa611bbdfca120b6766","42940e516dd5d74a10dfcb26de56ed3283f7ab0d6cf0d54b6ea21f3d2cc18674","e0b90473599de3ca130c45ea1be2bf1d3c0f3bddfdc0239555d697c153caaeeb","9499a10277b042991dc75663ba0940c5a0b2aed249e083e25dd80c2b6dc9aff7","f2be33a85b3f04ef578156cead824e40e2d80f163c4e0252d384d746836cd8c4","b2eb2fe1a5c44b94946087f75c70461daf389e6584d4f68b3c40e01662860a58","c17b77ca05960761df6b9eb3ae2d11be22d9964835d9c6132439fc9c23c6be59"],"uploadUrl":"https://upload-firebasehosting.googleapis.com/upload/sites/tic-cusco/versions/57521b324168ddd2/files"}
[debug] [2020-12-31T00:04:37.807Z] >>> [apiv2][query] POST https://upload-firebasehosting.googleapis.com/upload/sites/tic-cusco/versions/57521b324168ddd2/files/00137502269df2742a26e5df9a5fa6f5a4631bfc32a1cf344b753abb6d336715 [none]
[debug] [2020-12-31T00:04:37.807Z] >>> [apiv2][body] POST https://upload-firebasehosting.googleapis.com/upload/sites/tic-cusco/versions/57521b324168ddd2/files/00137502269df2742a26e5df9a5fa6f5a4631bfc32a1cf344b753abb6d336715 [stream]
[debug] [2020-12-31T00:04:37.810Z] >>> [apiv2][query] POST https://upload-firebasehosting.googleapis.com/upload/sites/tic-cusco/versions/57521b324168ddd2/files/413b884226c9b1691bbcd90f94b0771d6f51a209d95ddfa611bbdfca120b6766 [none]
[debug] [2020-12-31T00:04:37.810Z] >>> [apiv2][body] POST https://upload-firebasehosting.googleapis.com/upload/sites/tic-cusco/versions/57521b324168ddd2/files/413b884226c9b1691bbcd90f94b0771d6f51a209d95ddfa611bbdfca120b6766 [stream]
[debug] [2020-12-31T00:04:37.811Z] >>> [apiv2][query] POST https://upload-firebasehosting.googleapis.com/upload/sites/tic-cusco/versions/57521b324168ddd2/files/42940e516dd5d74a10dfcb26de56ed3283f7ab0d6cf0d54b6ea21f3d2cc18674 [none]
[debug] [2020-12-31T00:04:37.811Z] >>> [apiv2][body] POST https://upload-firebasehosting.googleapis.com/upload/sites/tic-cusco/versions/57521b324168ddd2/files/42940e516dd5d74a10dfcb26de56ed3283f7ab0d6cf0d54b6ea21f3d2cc18674 [stream]
[debug] [2020-12-31T00:04:37.813Z] >>> [apiv2][query] POST https://upload-firebasehosting.googleapis.com/upload/sites/tic-cusco/versions/57521b324168ddd2/files/e0b90473599de3ca130c45ea1be2bf1d3c0f3bddfdc0239555d697c153caaeeb [none]
[debug] [2020-12-31T00:04:37.813Z] >>> [apiv2][body] POST https://upload-firebasehosting.googleapis.com/upload/sites/tic-cusco/versions/57521b324168ddd2/files/e0b90473599de3ca130c45ea1be2bf1d3c0f3bddfdc0239555d697c153caaeeb [stream]
[debug] [2020-12-31T00:04:37.815Z] >>> [apiv2][query] POST https://upload-firebasehosting.googleapis.com/upload/sites/tic-cusco/versions/57521b324168ddd2/files/9499a10277b042991dc75663ba0940c5a0b2aed249e083e25dd80c2b6dc9aff7 [none]
[debug] [2020-12-31T00:04:37.815Z] >>> [apiv2][body] POST https://upload-firebasehosting.googleapis.com/upload/sites/tic-cusco/versions/57521b324168ddd2/files/9499a10277b042991dc75663ba0940c5a0b2aed249e083e25dd80c2b6dc9aff7 [stream]
[debug] [2020-12-31T00:04:37.817Z] >>> [apiv2][query] POST https://upload-firebasehosting.googleapis.com/upload/sites/tic-cusco/versions/57521b324168ddd2/files/f2be33a85b3f04ef578156cead824e40e2d80f163c4e0252d384d746836cd8c4 [none]
[debug] [2020-12-31T00:04:37.817Z] >>> [apiv2][body] POST https://upload-firebasehosting.googleapis.com/upload/sites/tic-cusco/versions/57521b324168ddd2/files/f2be33a85b3f04ef578156cead824e40e2d80f163c4e0252d384d746836cd8c4 [stream]
[debug] [2020-12-31T00:04:37.818Z] >>> [apiv2][query] POST https://upload-firebasehosting.googleapis.com/upload/sites/tic-cusco/versions/57521b324168ddd2/files/b2eb2fe1a5c44b94946087f75c70461daf389e6584d4f68b3c40e01662860a58 [none]
[debug] [2020-12-31T00:04:37.818Z] >>> [apiv2][body] POST https://upload-firebasehosting.googleapis.com/upload/sites/tic-cusco/versions/57521b324168ddd2/files/b2eb2fe1a5c44b94946087f75c70461daf389e6584d4f68b3c40e01662860a58 [stream]
[debug] [2020-12-31T00:04:37.819Z] >>> [apiv2][query] POST https://upload-firebasehosting.googleapis.com/upload/sites/tic-cusco/versions/57521b324168ddd2/files/c17b77ca05960761df6b9eb3ae2d11be22d9964835d9c6132439fc9c23c6be59 [none]
[debug] [2020-12-31T00:04:37.820Z] >>> [apiv2][body] POST https://upload-firebasehosting.googleapis.com/upload/sites/tic-cusco/versions/57521b324168ddd2/files/c17b77ca05960761df6b9eb3ae2d11be22d9964835d9c6132439fc9c23c6be59 [stream]
[debug] [2020-12-31T00:04:37.821Z] [hosting][populate queue][FINAL] {"max":4903,"min":4903,"avg":4903,"active":0,"complete":1,"success":1,"errored":0,"retried":0,"total":1,"elapsed":4917}
[debug] [2020-12-31T00:04:37.821Z] [hosting] uploads queued: 8
[debug] [2020-12-31T00:04:41.013Z] <<< [apiv2][status] POST https://upload-firebasehosting.googleapis.com/upload/sites/tic-cusco/versions/57521b324168ddd2/files/e0b90473599de3ca130c45ea1be2bf1d3c0f3bddfdc0239555d697c153caaeeb 200
[debug] [2020-12-31T00:04:41.013Z] <<< [apiv2][body] POST https://upload-firebasehosting.googleapis.com/upload/sites/tic-cusco/versions/57521b324168ddd2/files/e0b90473599de3ca130c45ea1be2bf1d3c0f3bddfdc0239555d697c153caaeeb [stream]
[debug] [2020-12-31T00:04:41.067Z] <<< [apiv2][status] POST https://upload-firebasehosting.googleapis.com/upload/sites/tic-cusco/versions/57521b324168ddd2/files/42940e516dd5d74a10dfcb26de56ed3283f7ab0d6cf0d54b6ea21f3d2cc18674 200
[debug] [2020-12-31T00:04:41.068Z] <<< [apiv2][body] POST https://upload-firebasehosting.googleapis.com/upload/sites/tic-cusco/versions/57521b324168ddd2/files/42940e516dd5d74a10dfcb26de56ed3283f7ab0d6cf0d54b6ea21f3d2cc18674 [stream]
[debug] [2020-12-31T00:04:41.130Z] <<< [apiv2][status] POST https://upload-firebasehosting.googleapis.com/upload/sites/tic-cusco/versions/57521b324168ddd2/files/f2be33a85b3f04ef578156cead824e40e2d80f163c4e0252d384d746836cd8c4 200
[debug] [2020-12-31T00:04:41.131Z] <<< [apiv2][body] POST https://upload-firebasehosting.googleapis.com/upload/sites/tic-cusco/versions/57521b324168ddd2/files/f2be33a85b3f04ef578156cead824e40e2d80f163c4e0252d384d746836cd8c4 [stream]
[debug] [2020-12-31T00:04:41.133Z] <<< [apiv2][status] POST https://upload-firebasehosting.googleapis.com/upload/sites/tic-cusco/versions/57521b324168ddd2/files/413b884226c9b1691bbcd90f94b0771d6f51a209d95ddfa611bbdfca120b6766 200
[debug] [2020-12-31T00:04:41.133Z] <<< [apiv2][body] POST https://upload-firebasehosting.googleapis.com/upload/sites/tic-cusco/versions/57521b324168ddd2/files/413b884226c9b1691bbcd90f94b0771d6f51a209d95ddfa611bbdfca120b6766 [stream]
[debug] [2020-12-31T00:04:41.275Z] <<< [apiv2][status] POST https://upload-firebasehosting.googleapis.com/upload/sites/tic-cusco/versions/57521b324168ddd2/files/00137502269df2742a26e5df9a5fa6f5a4631bfc32a1cf344b753abb6d336715 200
[debug] [2020-12-31T00:04:41.275Z] <<< [apiv2][body] POST https://upload-firebasehosting.googleapis.com/upload/sites/tic-cusco/versions/57521b324168ddd2/files/00137502269df2742a26e5df9a5fa6f5a4631bfc32a1cf344b753abb6d336715 [stream]
[debug] [2020-12-31T00:04:42.145Z] <<< [apiv2][status] POST https://upload-firebasehosting.googleapis.com/upload/sites/tic-cusco/versions/57521b324168ddd2/files/c17b77ca05960761df6b9eb3ae2d11be22d9964835d9c6132439fc9c23c6be59 200
[debug] [2020-12-31T00:04:42.146Z] <<< [apiv2][body] POST https://upload-firebasehosting.googleapis.com/upload/sites/tic-cusco/versions/57521b324168ddd2/files/c17b77ca05960761df6b9eb3ae2d11be22d9964835d9c6132439fc9c23c6be59 [stream]
[debug] [2020-12-31T00:05:08.211Z] [uploadQueue] Retrying task b2eb2fe1a5c44b94946087f75c70461daf389e6584d4f68b3c40e01662860a58
[debug] [2020-12-31T00:05:08.212Z] >>> [apiv2][query] POST https://upload-firebasehosting.googleapis.com/upload/sites/tic-cusco/versions/57521b324168ddd2/files/b2eb2fe1a5c44b94946087f75c70461daf389e6584d4f68b3c40e01662860a58 [none]
[debug] [2020-12-31T00:05:08.212Z] >>> [apiv2][body] POST https://upload-firebasehosting.googleapis.com/upload/sites/tic-cusco/versions/57521b324168ddd2/files/b2eb2fe1a5c44b94946087f75c70461daf389e6584d4f68b3c40e01662860a58 [stream]
[debug] [2020-12-31T00:05:14.673Z] <<< [apiv2][status] POST https://upload-firebasehosting.googleapis.com/upload/sites/tic-cusco/versions/57521b324168ddd2/files/b2eb2fe1a5c44b94946087f75c70461daf389e6584d4f68b3c40e01662860a58 200
[debug] [2020-12-31T00:05:14.673Z] <<< [apiv2][body] POST https://upload-firebasehosting.googleapis.com/upload/sites/tic-cusco/versions/57521b324168ddd2/files/b2eb2fe1a5c44b94946087f75c70461daf389e6584d4f68b3c40e01662860a58 [stream]
[debug] [2020-12-31T00:06:02.687Z] [uploadQueue] Retrying task 9499a10277b042991dc75663ba0940c5a0b2aed249e083e25dd80c2b6dc9aff7
[debug] [2020-12-31T00:06:02.689Z] >>> [apiv2][query] POST https://upload-firebasehosting.googleapis.com/upload/sites/tic-cusco/versions/57521b324168ddd2/files/9499a10277b042991dc75663ba0940c5a0b2aed249e083e25dd80c2b6dc9aff7 [none]
[debug] [2020-12-31T00:06:02.689Z] >>> [apiv2][body] POST https://upload-firebasehosting.googleapis.com/upload/sites/tic-cusco/versions/57521b324168ddd2/files/9499a10277b042991dc75663ba0940c5a0b2aed249e083e25dd80c2b6dc9aff7 [stream]
